c:\users\user\desktop\dx2dgame\dx2dgame\debug\vc141.pdb
c:\users\user\desktop\dx2dgame\dx2dgame\debug\vc141.idb
c:\users\user\desktop\dx2dgame\dx2dgame\debug\texture.obj
c:\users\user\desktop\dx2dgame\dx2dgame\debug\main.obj
c:\users\user\desktop\dx2dgame\dx2dgame\debug\sprite.obj
c:\users\user\desktop\dx2dgame\dx2dgame\debug\scenemanager.obj
c:\users\user\desktop\dx2dgame\dx2dgame\debug\scene.obj
c:\users\user\desktop\dx2dgame\dx2dgame\debug\player.obj
c:\users\user\desktop\dx2dgame\dx2dgame\debug\objectmanager.obj
c:\users\user\desktop\dx2dgame\dx2dgame\debug\input.obj
c:\users\user\desktop\dx2dgame\dx2dgame\debug\gameobject.obj
c:\users\user\desktop\dx2dgame\dx2dgame\debug\enemy.obj
c:\users\user\desktop\dx2dgame\dx2dgame\debug\controller.obj
c:\users\user\desktop\dx2dgame\dx2dgame\debug\collider.obj
c:\users\user\desktop\dx2dgame\dx2dgame\debug\animator.obj
c:\users\user\desktop\dx2dgame\dx2dgame\debug\entity.obj
c:\users\user\desktop\dx2dgame\dx2dgame\debug\animation.obj
c:\users\user\desktop\dx2dgame\dx2dgame\debug\waiter.obj
c:\users\user\desktop\dx2dgame\dx2dgame\debug\shader.cso
c:\users\user\desktop\dx2dgame\dx2dgame\debug\dx2dgame.exe
c:\users\user\desktop\dx2dgame\dx2dgame\debug\dx2dgame.ilk
c:\users\user\desktop\dx2dgame\dx2dgame\debug\dx2dgame.pdb
c:\users\user\desktop\dx2dgame\dx2dgame\debug\tutorial07.res
c:\users\user\desktop\dx2dgame\dx2dgame\debug\dx2dgame.tlog\cl.command.1.tlog
c:\users\user\desktop\dx2dgame\dx2dgame\debug\dx2dgame.tlog\cl.read.1.tlog
c:\users\user\desktop\dx2dgame\dx2dgame\debug\dx2dgame.tlog\cl.write.1.tlog
c:\users\user\desktop\dx2dgame\dx2dgame\debug\dx2dgame.tlog\dx2dgame.write.1u.tlog
c:\users\user\desktop\dx2dgame\dx2dgame\debug\dx2dgame.tlog\fxc.command.1.tlog
c:\users\user\desktop\dx2dgame\dx2dgame\debug\dx2dgame.tlog\fxc.read.1.tlog
c:\users\user\desktop\dx2dgame\dx2dgame\debug\dx2dgame.tlog\fxc.write.1.tlog
c:\users\user\desktop\dx2dgame\dx2dgame\debug\dx2dgame.tlog\link.command.1.tlog
c:\users\user\desktop\dx2dgame\dx2dgame\debug\dx2dgame.tlog\link.read.1.tlog
c:\users\user\desktop\dx2dgame\dx2dgame\debug\dx2dgame.tlog\link.write.1.tlog
c:\users\user\desktop\dx2dgame\dx2dgame\debug\dx2dgame.tlog\rc.command.1.tlog
c:\users\user\desktop\dx2dgame\dx2dgame\debug\dx2dgame.tlog\rc.read.1.tlog
c:\users\user\desktop\dx2dgame\dx2dgame\debug\dx2dgame.tlog\rc.write.1.tlog
