c:\users\user\desktop\새 폴더 (3)\tutorial07\debug\vc141.pdb
c:\users\user\desktop\새 폴더 (3)\tutorial07\debug\vc141.idb
c:\users\user\desktop\새 폴더 (3)\tutorial07\debug\texture.obj
c:\users\user\desktop\새 폴더 (3)\tutorial07\debug\main.obj
c:\users\user\desktop\새 폴더 (3)\tutorial07\debug\sprite.obj
c:\users\user\desktop\새 폴더 (3)\tutorial07\debug\scenemanager.obj
c:\users\user\desktop\새 폴더 (3)\tutorial07\debug\scene.obj
c:\users\user\desktop\새 폴더 (3)\tutorial07\debug\player.obj
c:\users\user\desktop\새 폴더 (3)\tutorial07\debug\objectmanager.obj
c:\users\user\desktop\새 폴더 (3)\tutorial07\debug\input.obj
c:\users\user\desktop\새 폴더 (3)\tutorial07\debug\gameobject.obj
c:\users\user\desktop\새 폴더 (3)\tutorial07\debug\enemy.obj
c:\users\user\desktop\새 폴더 (3)\tutorial07\debug\controller.obj
c:\users\user\desktop\새 폴더 (3)\tutorial07\debug\collider.obj
c:\users\user\desktop\새 폴더 (3)\tutorial07\debug\animator.obj
c:\users\user\desktop\새 폴더 (3)\tutorial07\debug\tutorial07.ilk
c:\users\user\desktop\새 폴더 (3)\tutorial07\debug\tutorial07.exe
c:\users\user\desktop\새 폴더 (3)\tutorial07\debug\tutorial07.pdb
c:\users\user\desktop\새 폴더 (3)\tutorial07\debug\tutorial07.res
c:\users\user\desktop\새 폴더 (3)\tutorial07\debug\tutorial07.tlog\cl.command.1.tlog
c:\users\user\desktop\새 폴더 (3)\tutorial07\debug\tutorial07.tlog\cl.read.1.tlog
c:\users\user\desktop\새 폴더 (3)\tutorial07\debug\tutorial07.tlog\cl.write.1.tlog
c:\users\user\desktop\새 폴더 (3)\tutorial07\debug\tutorial07.tlog\link.command.1.tlog
c:\users\user\desktop\새 폴더 (3)\tutorial07\debug\tutorial07.tlog\link.read.1.tlog
c:\users\user\desktop\새 폴더 (3)\tutorial07\debug\tutorial07.tlog\link.write.1.tlog
c:\users\user\desktop\새 폴더 (3)\tutorial07\debug\tutorial07.tlog\rc.command.1.tlog
c:\users\user\desktop\새 폴더 (3)\tutorial07\debug\tutorial07.tlog\rc.read.1.tlog
c:\users\user\desktop\새 폴더 (3)\tutorial07\debug\tutorial07.tlog\rc.write.1.tlog
